生成启动时间为 2015/7/27 16:11:40。
     1>项目“F:\BYH\DUI\ICMPflood\ICMPflood.vcxproj”在节点 2 上(build 个目标)。
     1>InitializeBuildStatus:
         正在创建“Debug\ICMPflood.unsuccessfulbuild”，因为已指定“AlwaysCreate”。
       ClCompile:
         所有输出均为最新。
         C:\Program Files (x86)\Microsoft Visual Studio 10.0\VC\bin\CL.exe /c /I"D:\Program Files (x86)\Visual Leak Detector\include" /ZI /nologo /W3 /WX- /Od /Oy- /D WIN32 /D _DEBUG /D _CONSOLE /D _UNICODE /D UNICODE /Gm /EHsc /RTC1 /MDd /GS /fp:precise /Zc:wchar_t /Zc:forScope /Yu"StdAfx.h" /Fp"Debug\ICMPflood.pch" /Fo"Debug\\" /Fd"Debug\vc100.pdb" /Gd /TP /analyze- /errorReport:prompt ICMPflood.cpp
         ICMPflood.cpp
     1>f:\byh\dui\icmpflood\icmpflood.cpp(60): warning C4996: 'strcpy': This function or variable may be unsafe. Consider using strcpy_s instead. To disable deprecation, use _CRT_SECURE_NO_WARNINGS. See online help for details.
                 c:\program files (x86)\microsoft visual studio 10.0\vc\include\string.h(105) : 参见“strcpy”的声明
       ManifestResourceCompile:
         所有输出均为最新。
       Link:
         C:\Program Files (x86)\Microsoft Visual Studio 10.0\VC\bin\link.exe /ERRORREPORT:PROMPT /OUT:"F:\BYH\DUI\Debug\ICMPflood.exe" /INCREMENTAL /NOLOGO /LIBPATH:"D:\Program Files (x86)\Visual Leak Detector\lib\Win32" kernel32.lib user32.lib gdi32.lib winspool.lib comdlg32.lib advapi32.lib shell32.lib ole32.lib oleaut32.lib uuid.lib odbc32.lib odbccp32.lib /MANIFEST /ManifestFile:"Debug\ICMPflood.exe.intermediate.manifest" /MANIFESTUAC:"level='asInvoker' uiAccess='false'" /DEBUG /PDB:"F:\BYH\DUI\Debug\ICMPflood.pdb" /SUBSYSTEM:CONSOLE /TLBID:1 /DYNAMICBASE /NXCOMPAT /IMPLIB:"F:\BYH\DUI\Debug\ICMPflood.lib" /MACHINE:X86 Debug\ICMPflood.exe.embed.manifest.res
         Debug\ICMPflood.obj
         Debug\stdafx.obj
       Manifest:
         C:\Program Files (x86)\Microsoft SDKs\Windows\v7.0A\bin\mt.exe /nologo /verbose /out:"Debug\ICMPflood.exe.embed.manifest" /manifest Debug\ICMPflood.exe.intermediate.manifest
         所有输出均为最新。
       LinkEmbedManifest:
         所有输出均为最新。
         ICMPflood.vcxproj -> F:\BYH\DUI\Debug\ICMPflood.exe
       FinalizeBuildStatus:
         正在删除文件“Debug\ICMPflood.unsuccessfulbuild”。
         正在对“Debug\ICMPflood.lastbuildstate”执行 Touch 任务。
     1>已完成生成项目“F:\BYH\DUI\ICMPflood\ICMPflood.vcxproj”(build 个目标)的操作。

生成成功。

已用时间 00:00:00.69
