生成启动时间为 2015/8/12 11:44:33。
     1>项目“F:\BYH\DUI\xiaonengM\xiaonengM.vcxproj”在节点 2 上(build 个目标)。
     1>InitializeBuildStatus:
         正在创建“Release\xiaonengM.unsuccessfulbuild”，因为已指定“AlwaysCreate”。
       ClCompile:
         C:\Program Files (x86)\Microsoft Visual Studio 10.0\VC\bin\CL.exe /c /I"D:\Program Files (x86)\Visual Leak Detector\include" /Zi /nologo /W3 /WX- /O2 /Oi /Oy- /GL /D WIN32 /D NDEBUG /D _WINDOWS /D _UNICODE /D UNICODE /Gm- /EHsc /MD /GS /Gy /fp:precise /Zc:wchar_t /Zc:forScope /Yc"StdAfx.h" /Fp"Release\xiaonengM.pch" /Fo"Release\\" /Fd"Release\vc100.pdb" /Gd /TP /analyze- /errorReport:prompt stdafx.cpp
         stdafx.cpp
         C:\Program Files (x86)\Microsoft Visual Studio 10.0\VC\bin\CL.exe /c /I"D:\Program Files (x86)\Visual Leak Detector\include" /Zi /nologo /W3 /WX- /O2 /Oi /Oy- /GL /D WIN32 /D NDEBUG /D _WINDOWS /D _UNICODE /D UNICODE /Gm- /EHsc /MD /GS /Gy /fp:precise /Zc:wchar_t /Zc:forScope /Yu"StdAfx.h" /Fp"Release\xiaonengM.pch" /Fo"Release\\" /Fd"Release\vc100.pdb" /Gd /TP /analyze- /errorReport:prompt ConsultFrameUI.cpp InteractRecordFrame.cpp LoginFrameWnd.cpp WkeWebkit.cpp xiaonengM.cpp
         ConsultFrameUI.cpp
         InteractRecordFrame.cpp
         LoginFrameWnd.cpp
         WkeWebkit.cpp
         xiaonengM.cpp
       ResourceCompile:
         C:\Program Files (x86)\Microsoft SDKs\Windows\v7.0A\bin\rc.exe /D _UNICODE /D UNICODE /l"0x0409" /nologo /fo"Release\xiaonengM.res" xiaonengM.rc 
       Link:
         C:\Program Files (x86)\Microsoft Visual Studio 10.0\VC\bin\link.exe /ERRORREPORT:PROMPT /OUT:"F:\BYH\DUI\Release\xiaonengM.exe" /INCREMENTAL:NO /NOLOGO /LIBPATH:"D:\Program Files (x86)\Visual Leak Detector\lib\Win32" kernel32.lib user32.lib gdi32.lib winspool.lib comdlg32.lib advapi32.lib shell32.lib ole32.lib oleaut32.lib uuid.lib odbc32.lib odbccp32.lib /MANIFEST /ManifestFile:"Release\xiaonengM.exe.intermediate.manifest" /MANIFESTUAC:"level='asInvoker' uiAccess='false'" /DEBUG /PDB:"F:\BYH\DUI\Release\xiaonengM.pdb" /SUBSYSTEM:WINDOWS /OPT:REF /OPT:ICF /LTCG /TLBID:1 /DYNAMICBASE /NXCOMPAT /IMPLIB:"F:\BYH\DUI\Release\xiaonengM.lib" /MACHINE:X86 Release\xiaonengM.res
         Release\ConsultFrameUI.obj
         Release\InteractRecordFrame.obj
         Release\LoginFrameWnd.obj
         Release\stdafx.obj
         Release\WkeWebkit.obj
         Release\xiaonengM.obj
         正在生成代码
         已完成代码的生成
         xiaonengM.vcxproj -> F:\BYH\DUI\Release\xiaonengM.exe
       Manifest:
         C:\Program Files (x86)\Microsoft SDKs\Windows\v7.0A\bin\mt.exe /nologo /verbose /outputresource:"F:\BYH\DUI\Release\xiaonengM.exe;#1" /manifest Release\xiaonengM.exe.intermediate.manifest
       FinalizeBuildStatus:
         正在删除文件“Release\xiaonengM.unsuccessfulbuild”。
         正在对“Release\xiaonengM.lastbuildstate”执行 Touch 任务。
     1>已完成生成项目“F:\BYH\DUI\xiaonengM\xiaonengM.vcxproj”(build 个目标)的操作。

生成成功。

已用时间 00:00:05.98
