.\debug_bin\DUI2.ilk
.\debug_bin\DUI2.pdb
F:\BYH\DUI\DUI2\.\debug_bin\DUI2.exe
F:\BYH\DUI\DUI2\debug\cl.command.1.tlog
F:\BYH\DUI\DUI2\debug\CL.read.1.tlog
F:\BYH\DUI\DUI2\debug\CL.write.1.tlog
F:\BYH\DUI\DUI2\DEBUG\DUI2.EXE.EMBED.MANIFEST
F:\BYH\DUI\DUI2\DEBUG\DUI2.EXE.EMBED.MANIFEST.RES
F:\BYH\DUI\DUI2\DEBUG\DUI2.EXE.INTERMEDIATE.MANIFEST
F:\BYH\DUI\DUI2\DEBUG\DUI2.OBJ
F:\BYH\DUI\DUI2\DEBUG\DUI2.PCH
F:\BYH\DUI\DUI2\DEBUG\DUI2.RES
F:\BYH\DUI\DUI2\debug\DUI2.vcxprojResolveAssemblyReference.cache
F:\BYH\DUI\DUI2\debug\DUI2.write.1.tlog
F:\BYH\DUI\DUI2\debug\DUI2_manifest.rc
F:\BYH\DUI\DUI2\DEBUG\FRIENDUI.OBJ
F:\BYH\DUI\DUI2\DEBUG\IEHELPER.OBJ
F:\BYH\DUI\DUI2\debug\link.command.1.tlog
F:\BYH\DUI\DUI2\debug\link.read.1.tlog
F:\BYH\DUI\DUI2\debug\link.write.1.tlog
F:\BYH\DUI\DUI2\debug\link-cvtres.read.1.tlog
F:\BYH\DUI\DUI2\debug\link-cvtres.write.1.tlog
F:\BYH\DUI\DUI2\debug\mt.command.1.tlog
F:\BYH\DUI\DUI2\debug\mt.read.1.tlog
F:\BYH\DUI\DUI2\debug\mt.write.1.tlog
F:\BYH\DUI\DUI2\debug\rc.command.1.tlog
F:\BYH\DUI\DUI2\debug\rc.read.1.tlog
F:\BYH\DUI\DUI2\debug\rc.write.1.tlog
F:\BYH\DUI\DUI2\DEBUG\STDAFX.OBJ
F:\BYH\DUI\DUI2\debug\vc100.idb
F:\BYH\DUI\DUI2\DEBUG\VC100.PDB
F:\BYH\DUI\DUI2\DEBUG_BIN\DUI2.EXE
F:\BYH\DUI\DUI2\DEBUG_BIN\DUI2.ILK
F:\BYH\DUI\DUI2\DEBUG_BIN\DUI2.PDB
