生成启动时间为 2015/10/14 17:36:58。
     1>项目“F:\BYH\DUI\DUI2\DUI2.vcxproj”在节点 2 上(build 个目标)。
     1>InitializeBuildStatus:
         正在创建“.\debug\DUI2.unsuccessfulbuild”，因为已指定“AlwaysCreate”。
       ClCompile:
         所有输出均为最新。
         C:\Program Files (x86)\Microsoft Visual Studio 10.0\VC\bin\CL.exe /c /I"D:\Program Files (x86)\Visual Leak Detector\include" /ZI /nologo /W3 /WX- /Od /Oy- /D WIN32 /D _DEBUG /D _WINDOWS /D _UNICODE /D UNICODE /Gm /EHsc /RTC1 /MDd /GS /fp:precise /Zc:wchar_t /Zc:forScope /Yu"StdAfx.h" /Fp".\debug\DUI2.pch" /Fo".\debug\\" /Fd".\debug\vc100.pdb" /Gd /TP /analyze- /errorReport:prompt DUI2.cpp FriendUI.cpp IeHelper.cpp
         DUI2.cpp
         正在生成代码...
     1>f:\byh\dui\dui2\dui2.cpp(164): warning C4715: “wWinMain”: 不是所有的控件路径都返回值
         正在跳过...(未检测到相关更改)
         IeHelper.cpp
         FriendUI.cpp
       ResourceCompile:
         所有输出均为最新。
       ManifestResourceCompile:
         所有输出均为最新。
       Link:
         C:\Program Files (x86)\Microsoft Visual Studio 10.0\VC\bin\link.exe /ERRORREPORT:PROMPT /OUT:".\debug_bin\DUI2.exe" /INCREMENTAL /NOLOGO /LIBPATH:"D:\Program Files (x86)\Visual Leak Detector\lib\Win32" kernel32.lib user32.lib gdi32.lib winspool.lib comdlg32.lib advapi32.lib shell32.lib ole32.lib oleaut32.lib uuid.lib odbc32.lib odbccp32.lib /MANIFEST /ManifestFile:".\debug\DUI2.exe.intermediate.manifest" /MANIFESTUAC:"level='asInvoker' uiAccess='false'" /DEBUG /PDB:"F:\BYH\DUI\DUI2\debug_bin\DUI2.pdb" /SUBSYSTEM:WINDOWS /TLBID:1 /DYNAMICBASE /NXCOMPAT /IMPLIB:".\debug_bin\DUI2.lib" /MACHINE:X86 .\debug\DUI2.res
         .\debug\DUI2.exe.embed.manifest.res
         .\debug\DUI2.obj
         .\debug\FriendUI.obj
         .\debug\IeHelper.obj
         .\debug\stdafx.obj
       Manifest:
         C:\Program Files (x86)\Microsoft SDKs\Windows\v7.0A\bin\mt.exe /nologo /verbose /out:".\debug\DUI2.exe.embed.manifest" /manifest .\debug\DUI2.exe.intermediate.manifest
         所有输出均为最新。
       LinkEmbedManifest:
         所有输出均为最新。
         DUI2.vcxproj -> F:\BYH\DUI\DUI2\.\debug_bin\DUI2.exe
       FinalizeBuildStatus:
         正在删除文件“.\debug\DUI2.unsuccessfulbuild”。
         正在对“.\debug\DUI2.lastbuildstate”执行 Touch 任务。
     1>已完成生成项目“F:\BYH\DUI\DUI2\DUI2.vcxproj”(build 个目标)的操作。

生成成功。

已用时间 00:00:15.12
