.\bin\LSPINST.ilk
.\bin\LSPINST.pdb
F:\BYH\DUI\LSPINST\.\bin\LSPINST.exe
F:\BYH\DUI\LSPINST\BIN\LSPINST.EXE
F:\BYH\DUI\LSPINST\BIN\LSPINST.ILK
F:\BYH\DUI\LSPINST\BIN\LSPINST.PDB
F:\BYH\DUI\LSPINST\debug\cl.command.1.tlog
F:\BYH\DUI\LSPINST\debug\CL.read.1.tlog
F:\BYH\DUI\LSPINST\debug\CL.write.1.tlog
F:\BYH\DUI\LSPINST\debug\link.4540.read.1.tlog
F:\BYH\DUI\LSPINST\debug\link.4540.write.1.tlog
F:\BYH\DUI\LSPINST\debug\link.4540-cvtres.read.1.tlog
F:\BYH\DUI\LSPINST\debug\link.4540-cvtres.write.1.tlog
F:\BYH\DUI\LSPINST\debug\link.command.1.tlog
F:\BYH\DUI\LSPINST\debug\link.read.1.tlog
F:\BYH\DUI\LSPINST\debug\link.write.1.tlog
F:\BYH\DUI\LSPINST\debug\link-cvtres.read.1.tlog
F:\BYH\DUI\LSPINST\debug\link-cvtres.write.1.tlog
F:\BYH\DUI\LSPINST\DEBUG\LSPINST.EXE.EMBED.MANIFEST
F:\BYH\DUI\LSPINST\DEBUG\LSPINST.EXE.EMBED.MANIFEST.RES
F:\BYH\DUI\LSPINST\DEBUG\LSPINST.EXE.INTERMEDIATE.MANIFEST
F:\BYH\DUI\LSPINST\DEBUG\LSPINST.OBJ
F:\BYH\DUI\LSPINST\DEBUG\LSPINST.PCH
F:\BYH\DUI\LSPINST\debug\LSPINST.vcxprojResolveAssemblyReference.cache
F:\BYH\DUI\LSPINST\debug\LSPINST.write.1.tlog
F:\BYH\DUI\LSPINST\debug\LSPINST_manifest.rc
F:\BYH\DUI\LSPINST\debug\mt.command.1.tlog
F:\BYH\DUI\LSPINST\debug\mt.read.1.tlog
F:\BYH\DUI\LSPINST\debug\mt.write.1.tlog
F:\BYH\DUI\LSPINST\debug\rc.command.1.tlog
F:\BYH\DUI\LSPINST\debug\rc.read.1.tlog
F:\BYH\DUI\LSPINST\debug\rc.write.1.tlog
F:\BYH\DUI\LSPINST\DEBUG\STDAFX.OBJ
F:\BYH\DUI\LSPINST\debug\vc100.idb
F:\BYH\DUI\LSPINST\DEBUG\VC100.PDB
