F:\BYH\DUI\DEBUG\SCATCH.EXE
F:\BYH\DUI\DEBUG\SCATCH.ILK
F:\BYH\DUI\DEBUG\SCATCH.PDB
F:\BYH\DUI\SCatch\Debug\cl.command.1.tlog
F:\BYH\DUI\SCatch\Debug\CL.read.1.tlog
F:\BYH\DUI\SCatch\Debug\CL.write.1.tlog
F:\BYH\DUI\SCatch\Debug\link.6092.read.1.tlog
F:\BYH\DUI\SCatch\Debug\link.6092.write.1.tlog
F:\BYH\DUI\SCatch\Debug\link.6092-cvtres.read.1.tlog
F:\BYH\DUI\SCatch\Debug\link.6092-cvtres.write.1.tlog
F:\BYH\DUI\SCatch\Debug\link.command.1.tlog
F:\BYH\DUI\SCatch\Debug\link.read.1.tlog
F:\BYH\DUI\SCatch\Debug\link.write.1.tlog
F:\BYH\DUI\SCatch\Debug\link-cvtres.read.1.tlog
F:\BYH\DUI\SCatch\Debug\link-cvtres.write.1.tlog
F:\BYH\DUI\SCatch\Debug\mt.command.1.tlog
F:\BYH\DUI\SCatch\Debug\mt.read.1.tlog
F:\BYH\DUI\SCatch\Debug\mt.write.1.tlog
F:\BYH\DUI\SCatch\Debug\rc.command.1.tlog
F:\BYH\DUI\SCatch\Debug\rc.read.1.tlog
F:\BYH\DUI\SCatch\Debug\rc.write.1.tlog
F:\BYH\DUI\SCATCH\DEBUG\SCATCH.EXE.EMBED.MANIFEST
F:\BYH\DUI\SCATCH\DEBUG\SCATCH.EXE.EMBED.MANIFEST.RES
F:\BYH\DUI\SCATCH\DEBUG\SCATCH.EXE.INTERMEDIATE.MANIFEST
F:\BYH\DUI\SCATCH\DEBUG\SCATCH.OBJ
F:\BYH\DUI\SCATCH\DEBUG\SCATCH.PCH
F:\BYH\DUI\SCatch\Debug\SCatch.vcxprojResolveAssemblyReference.cache
F:\BYH\DUI\SCatch\Debug\SCatch.write.1.tlog
F:\BYH\DUI\SCatch\Debug\SCatch_manifest.rc
F:\BYH\DUI\SCATCH\DEBUG\STDAFX.OBJ
F:\BYH\DUI\SCatch\Debug\vc100.idb
F:\BYH\DUI\SCATCH\DEBUG\VC100.PDB
