.\Build\Debug\DuiLib.pdb
F:\BYH\DUI\BIN\DUILIB_D.DLL
F:\BYH\DUI\DuiLib\Build\Debug\cl.command.1.tlog
F:\BYH\DUI\DuiLib\Build\Debug\CL.read.1.tlog
F:\BYH\DUI\DuiLib\Build\Debug\CL.write.1.tlog
F:\BYH\DUI\DUILIB\BUILD\DEBUG\DUILIB.PCH
F:\BYH\DUI\DUILIB\BUILD\DEBUG\DUILIB.PDB
F:\BYH\DUI\DuiLib\Build\Debug\DuiLib.write.1.tlog
F:\BYH\DUI\DuiLib\Build\Debug\link.command.1.tlog
F:\BYH\DUI\DuiLib\Build\Debug\link.read.1.tlog
F:\BYH\DUI\DuiLib\Build\Debug\link.write.1.tlog
F:\BYH\DUI\DUILIB\BUILD\DEBUG\STB_IMAGE.OBJ
F:\BYH\DUI\DUILIB\BUILD\DEBUG\STDAFX.OBJ
F:\BYH\DUI\DUILIB\BUILD\DEBUG\UIACTIVEX.OBJ
F:\BYH\DUI\DUILIB\BUILD\DEBUG\UIBASE.OBJ
F:\BYH\DUI\DUILIB\BUILD\DEBUG\UIBUTTON.OBJ
F:\BYH\DUI\DUILIB\BUILD\DEBUG\UICHECKBOX.OBJ
F:\BYH\DUI\DUILIB\BUILD\DEBUG\UICHILDLAYOUT.OBJ
F:\BYH\DUI\DUILIB\BUILD\DEBUG\UICOMBO.OBJ
F:\BYH\DUI\DUILIB\BUILD\DEBUG\UICONTAINER.OBJ
F:\BYH\DUI\DUILIB\BUILD\DEBUG\UICONTROL.OBJ
F:\BYH\DUI\DUILIB\BUILD\DEBUG\UIDATETIME.OBJ
F:\BYH\DUI\DUILIB\BUILD\DEBUG\UIDELEGATE.OBJ
F:\BYH\DUI\DUILIB\BUILD\DEBUG\UIDLGBUILDER.OBJ
F:\BYH\DUI\DUILIB\BUILD\DEBUG\UIEDIT.OBJ
F:\BYH\DUI\DUILIB\BUILD\DEBUG\UIHORIZONTALLAYOUT.OBJ
F:\BYH\DUI\DUILIB\BUILD\DEBUG\UILABEL.OBJ
F:\BYH\DUI\DUILIB\BUILD\DEBUG\UILIB.OBJ
F:\BYH\DUI\DUILIB\BUILD\DEBUG\UILIST.OBJ
F:\BYH\DUI\DUILIB\BUILD\DEBUG\UIMANAGER.OBJ
F:\BYH\DUI\DUILIB\BUILD\DEBUG\UIMARKUP.OBJ
F:\BYH\DUI\DUILIB\BUILD\DEBUG\UIOPTION.OBJ
F:\BYH\DUI\DUILIB\BUILD\DEBUG\UIPROGRESS.OBJ
F:\BYH\DUI\DUILIB\BUILD\DEBUG\UIRENDER.OBJ
F:\BYH\DUI\DUILIB\BUILD\DEBUG\UIRICHEDIT.OBJ
F:\BYH\DUI\DUILIB\BUILD\DEBUG\UISCROLLBAR.OBJ
F:\BYH\DUI\DUILIB\BUILD\DEBUG\UISLIDER.OBJ
F:\BYH\DUI\DUILIB\BUILD\DEBUG\UITABLAYOUT.OBJ
F:\BYH\DUI\DUILIB\BUILD\DEBUG\UITEXT.OBJ
F:\BYH\DUI\DUILIB\BUILD\DEBUG\UITILELAYOUT.OBJ
F:\BYH\DUI\DUILIB\BUILD\DEBUG\UITREEVIEW.OBJ
F:\BYH\DUI\DUILIB\BUILD\DEBUG\UIVERTICALLAYOUT.OBJ
F:\BYH\DUI\DUILIB\BUILD\DEBUG\UIWEBBROWSER.OBJ
F:\BYH\DUI\DUILIB\BUILD\DEBUG\UTILS.OBJ
F:\BYH\DUI\DuiLib\Build\Debug\vc100.idb
F:\BYH\DUI\DUILIB\BUILD\DEBUG\VC100.PDB
F:\BYH\DUI\DUILIB\BUILD\DEBUG\WINIMPLBASE.OBJ
F:\BYH\DUI\DUILIB\BUILD\DEBUG\XUNZIP.OBJ
F:\BYH\DUI\lib\DuiLib_d.exp
F:\BYH\DUI\lib\DuiLib_d.lib
