../bin/DuiLib_ud.pdb
F:\BYH\DUI\BIN\DUILIB_UD.DLL
F:\BYH\DUI\BIN\DUILIB_UD.PDB
F:\BYH\DUI\DuiLib\../bin/DuiLib_ud.dll
F:\BYH\DUI\DuiLib\Build\Debug_u\cl.command.1.tlog
F:\BYH\DUI\DuiLib\Build\Debug_u\CL.read.1.tlog
F:\BYH\DUI\DuiLib\Build\Debug_u\CL.write.1.tlog
F:\BYH\DUI\DUILIB\BUILD\DEBUG_U\DUILIB.PCH
F:\BYH\DUI\DuiLib\Build\Debug_u\DuiLib.write.1.tlog
F:\BYH\DUI\DuiLib\Build\Debug_u\link.command.1.tlog
F:\BYH\DUI\DuiLib\Build\Debug_u\link.read.1.tlog
F:\BYH\DUI\DuiLib\Build\Debug_u\link.write.1.tlog
F:\BYH\DUI\DUILIB\BUILD\DEBUG_U\STB_IMAGE.OBJ
F:\BYH\DUI\DUILIB\BUILD\DEBUG_U\STDAFX.OBJ
F:\BYH\DUI\DUILIB\BUILD\DEBUG_U\UIACTIVEX.OBJ
F:\BYH\DUI\DUILIB\BUILD\DEBUG_U\UIBASE.OBJ
F:\BYH\DUI\DUILIB\BUILD\DEBUG_U\UIBUTTON.OBJ
F:\BYH\DUI\DUILIB\BUILD\DEBUG_U\UICHECKBOX.OBJ
F:\BYH\DUI\DUILIB\BUILD\DEBUG_U\UICHILDLAYOUT.OBJ
F:\BYH\DUI\DUILIB\BUILD\DEBUG_U\UICOMBO.OBJ
F:\BYH\DUI\DUILIB\BUILD\DEBUG_U\UICONTAINER.OBJ
F:\BYH\DUI\DUILIB\BUILD\DEBUG_U\UICONTROL.OBJ
F:\BYH\DUI\DUILIB\BUILD\DEBUG_U\UICRACK.OBJ
F:\BYH\DUI\DUILIB\BUILD\DEBUG_U\UIDATETIME.OBJ
F:\BYH\DUI\DUILIB\BUILD\DEBUG_U\UIDELEGATE.OBJ
F:\BYH\DUI\DUILIB\BUILD\DEBUG_U\UIDLGBUILDER.OBJ
F:\BYH\DUI\DUILIB\BUILD\DEBUG_U\UIEDIT.OBJ
F:\BYH\DUI\DUILIB\BUILD\DEBUG_U\UIHORIZONTALLAYOUT.OBJ
F:\BYH\DUI\DUILIB\BUILD\DEBUG_U\UILABEL.OBJ
F:\BYH\DUI\DUILIB\BUILD\DEBUG_U\UILIB.OBJ
F:\BYH\DUI\DUILIB\BUILD\DEBUG_U\UILIST.OBJ
F:\BYH\DUI\DUILIB\BUILD\DEBUG_U\UIMANAGER.OBJ
F:\BYH\DUI\DUILIB\BUILD\DEBUG_U\UIMARKUP.OBJ
F:\BYH\DUI\DUILIB\BUILD\DEBUG_U\UIMENU.OBJ
F:\BYH\DUI\DUILIB\BUILD\DEBUG_U\UIOPTION.OBJ
F:\BYH\DUI\DUILIB\BUILD\DEBUG_U\UIPROGRESS.OBJ
F:\BYH\DUI\DUILIB\BUILD\DEBUG_U\UIRENDER.OBJ
F:\BYH\DUI\DUILIB\BUILD\DEBUG_U\UIRICHEDIT.OBJ
F:\BYH\DUI\DUILIB\BUILD\DEBUG_U\UISCROLLBAR.OBJ
F:\BYH\DUI\DUILIB\BUILD\DEBUG_U\UISLIDER.OBJ
F:\BYH\DUI\DUILIB\BUILD\DEBUG_U\UITABLAYOUT.OBJ
F:\BYH\DUI\DUILIB\BUILD\DEBUG_U\UITEXT.OBJ
F:\BYH\DUI\DUILIB\BUILD\DEBUG_U\UITILELAYOUT.OBJ
F:\BYH\DUI\DUILIB\BUILD\DEBUG_U\UITREEVIEW.OBJ
F:\BYH\DUI\DUILIB\BUILD\DEBUG_U\UIVERTICALLAYOUT.OBJ
F:\BYH\DUI\DUILIB\BUILD\DEBUG_U\UIWEBBROWSER.OBJ
F:\BYH\DUI\DUILIB\BUILD\DEBUG_U\UTILS.OBJ
F:\BYH\DUI\DuiLib\Build\Debug_u\vc100.idb
F:\BYH\DUI\DUILIB\BUILD\DEBUG_U\VC100.PDB
F:\BYH\DUI\DUILIB\BUILD\DEBUG_U\WINIMPLBASE.OBJ
F:\BYH\DUI\DUILIB\BUILD\DEBUG_U\XUNZIP.OBJ
F:\BYH\DUI\Lib\DuiLib_ud.exp
F:\BYH\DUI\Lib\DuiLib_ud.lib
