生成启动时间为 2015/7/20 10:34:33。
     1>项目“F:\BYH\DUI\DuiLib\DuiLib.vcxproj”在节点 2 上(build 个目标)。
     1>InitializeBuildStatus:
         正在创建“.\Build\Debug_u\DuiLib.unsuccessfulbuild”，因为已指定“AlwaysCreate”。
       ClCompile:
         所有输出均为最新。
         C:\Program Files (x86)\Microsoft Visual Studio 10.0\VC\bin\CL.exe /c /I"D:\Program Files (x86)\Visual Leak Detector\include" /Zi /nologo /W3 /WX- /Od /Oy- /D WIN32 /D _DEBUG /D _WINDOWS /D UILIB_EXPORTS /D _VC80_UPGRADE=0x0600 /D _UNICODE /D UNICODE /Gm /EHsc /RTC1 /MTd /GS /fp:precise /Zc:wchar_t /Zc:forScope /Yc"stdafx.h" /Fp".\Build\Debug_u/DuiLib.pch" /Fo".\Build\Debug_u\\" /Fd".\Build\Debug_u\vc100.pdb" /Gd /TP /analyze- /errorReport:prompt StdAfx.cpp
         StdAfx.cpp
         C:\Program Files (x86)\Microsoft Visual Studio 10.0\VC\bin\CL.exe /c /I"D:\Program Files (x86)\Visual Leak Detector\include" /Zi /nologo /W3 /WX- /Od /Oy- /D WIN32 /D _DEBUG /D _WINDOWS /D UILIB_EXPORTS /D _VC80_UPGRADE=0x0600 /D _UNICODE /D UNICODE /Gm /EHsc /RTC1 /MTd /GS /fp:precise /Zc:wchar_t /Zc:forScope /Yu"stdafx.h" /Fp".\Build\Debug_u/DuiLib.pch" /Fo".\Build\Debug_u\\" /Fd".\Build\Debug_u\vc100.pdb" /Gd /TP /analyze- /errorReport:prompt Control\UICrack.cpp Control\UIMenu.cpp UIlib.cpp Utils\WinImplBase.cpp Utils\UIDelegate.cpp Utils\Utils.cpp Core\UIBase.cpp Core\UIContainer.cpp Core\UIControl.cpp Core\UIDlgBuilder.cpp Core\UIManager.cpp Core\UIMarkup.cpp Core\UIRender.cpp Layout\UIChildLayout.cpp Layout\UIHorizontalLayout.cpp Layout\UITabLayout.cpp Layout\UITileLayout.cpp Layout\UIVerticalLayout.cpp Control\UIActiveX.cpp Control\UIButton.cpp Control\UICheckBox.cpp Control\UICombo.cpp Control\UIDateTime.cpp Control\UIEdit.cpp Control\UILabel.cpp Control\UIList.cpp Control\UIOption.cpp Control\UIProgress.cpp Control\UIRichEdit.cpp Control\UIScrollBar.cpp Control\UISlider.cpp Control\UIText.cpp Control\UITreeView.cpp Control\UIWebBrowser.cpp
         UIWebBrowser.cpp
         UITreeView.cpp
         UIText.cpp
         UISlider.cpp
         UIScrollBar.cpp
         UIRichEdit.cpp
         UIProgress.cpp
         UIOption.cpp
         UIList.cpp
         UILabel.cpp
         UIEdit.cpp
         UIDateTime.cpp
         UICombo.cpp
         UICheckBox.cpp
         UIButton.cpp
         UIActiveX.cpp
         UIVerticalLayout.cpp
         UITileLayout.cpp
         UITabLayout.cpp
         UIHorizontalLayout.cpp
         正在生成代码...
         正在编译...
         UIChildLayout.cpp
         UIRender.cpp
         UIMarkup.cpp
         UIManager.cpp
         UIDlgBuilder.cpp
         UIControl.cpp
         UIContainer.cpp
         UIBase.cpp
         Utils.cpp
         UIDelegate.cpp
         WinImplBase.cpp
         UIlib.cpp
         UIMenu.cpp
         UICrack.cpp
         正在生成代码...
         所有输出均为最新。
         C:\Program Files (x86)\Microsoft Visual Studio 10.0\VC\bin\CL.exe /c /I"D:\Program Files (x86)\Visual Leak Detector\include" /Zi /nologo /W3 /WX- /Od /Oy- /D WIN32 /D _DEBUG /D _WINDOWS /D UILIB_EXPORTS /D _VC80_UPGRADE=0x0600 /D _UNICODE /D UNICODE /Gm /EHsc /RTC1 /MTd /GS /fp:precise /Zc:wchar_t /Zc:forScope /Fo".\Build\Debug_u\\" /Fd".\Build\Debug_u\vc100.pdb" /Gd /TC /analyze- /errorReport:prompt Utils\stb_image.c
         stb_image.c
         所有输出均为最新。
         C:\Program Files (x86)\Microsoft Visual Studio 10.0\VC\bin\CL.exe /c /I"D:\Program Files (x86)\Visual Leak Detector\include" /Zi /nologo /W3 /WX- /Od /Oy- /D WIN32 /D _DEBUG /D _WINDOWS /D UILIB_EXPORTS /D _VC80_UPGRADE=0x0600 /D _UNICODE /D UNICODE /Gm /EHsc /RTC1 /MTd /GS /fp:precise /Zc:wchar_t /Zc:forScope /Fo".\Build\Debug_u\\" /Fd".\Build\Debug_u\vc100.pdb" /Gd /TP /analyze- /errorReport:prompt Utils\XUnzip.cpp
         XUnzip.cpp
       Lib:
         C:\Program Files (x86)\Microsoft Visual Studio 10.0\VC\bin\Lib.exe /OUT:"../bin/DuiLib_ud.lib" /LIBPATH:"D:\Program Files (x86)\Visual Leak Detector\lib\Win32" /NOLOGO .\Build\Debug_u\UICrack.obj
         .\Build\Debug_u\UIMenu.obj
         .\Build\Debug_u\StdAfx.obj
         .\Build\Debug_u\UIlib.obj
         .\Build\Debug_u\WinImplBase.obj
         .\Build\Debug_u\stb_image.obj
         .\Build\Debug_u\UIDelegate.obj
         .\Build\Debug_u\Utils.obj
         .\Build\Debug_u\XUnzip.obj
         .\Build\Debug_u\UIBase.obj
         .\Build\Debug_u\UIContainer.obj
         .\Build\Debug_u\UIControl.obj
         .\Build\Debug_u\UIDlgBuilder.obj
         .\Build\Debug_u\UIManager.obj
         .\Build\Debug_u\UIMarkup.obj
         .\Build\Debug_u\UIRender.obj
         .\Build\Debug_u\UIChildLayout.obj
         .\Build\Debug_u\UIHorizontalLayout.obj
         .\Build\Debug_u\UITabLayout.obj
         .\Build\Debug_u\UITileLayout.obj
         .\Build\Debug_u\UIVerticalLayout.obj
         .\Build\Debug_u\UIActiveX.obj
         .\Build\Debug_u\UIButton.obj
         .\Build\Debug_u\UICheckBox.obj
         .\Build\Debug_u\UICombo.obj
         .\Build\Debug_u\UIDateTime.obj
         .\Build\Debug_u\UIEdit.obj
         .\Build\Debug_u\UILabel.obj
         .\Build\Debug_u\UIList.obj
         .\Build\Debug_u\UIOption.obj
         .\Build\Debug_u\UIProgress.obj
         .\Build\Debug_u\UIRichEdit.obj
         .\Build\Debug_u\UIScrollBar.obj
         .\Build\Debug_u\UISlider.obj
         .\Build\Debug_u\UIText.obj
         .\Build\Debug_u\UITreeView.obj
         .\Build\Debug_u\UIWebBrowser.obj
         DuiLib.vcxproj -> F:\BYH\DUI\DuiLib\../bin/DuiLib_ud.lib
       FinalizeBuildStatus:
         正在删除文件“.\Build\Debug_u\DuiLib.unsuccessfulbuild”。
         正在对“.\Build\Debug_u\DuiLib.lastbuildstate”执行 Touch 任务。
     1>已完成生成项目“F:\BYH\DUI\DuiLib\DuiLib.vcxproj”(build 个目标)的操作。

生成成功。

已用时间 00:00:03.19
