.\bin\xiaonengM.ilk
.\bin\xiaonengM.pdb
F:\BYH\DUI\xiaonengM\.\bin\xiaonengM.exe
F:\BYH\DUI\XIAONENGM\BIN\XIAONENGM.EXE
F:\BYH\DUI\XIAONENGM\BIN\XIAONENGM.ILK
F:\BYH\DUI\XIAONENGM\BIN\XIAONENGM.PDB
F:\BYH\DUI\xiaonengM\debug\cl.command.1.tlog
F:\BYH\DUI\xiaonengM\debug\CL.read.1.tlog
F:\BYH\DUI\xiaonengM\debug\CL.write.1.tlog
F:\BYH\DUI\XIAONENGM\DEBUG\CONSULTFRAME.OBJ
F:\BYH\DUI\XIAONENGM\DEBUG\CONSULTFRAMEUI.OBJ
F:\BYH\DUI\xiaonengM\debug\link.11076.read.1.tlog
F:\BYH\DUI\xiaonengM\debug\link.11076.write.1.tlog
F:\BYH\DUI\xiaonengM\debug\link.11076-cvtres.read.1.tlog
F:\BYH\DUI\xiaonengM\debug\link.11076-cvtres.write.1.tlog
F:\BYH\DUI\xiaonengM\debug\link.1892.read.1.tlog
F:\BYH\DUI\xiaonengM\debug\link.1892.write.1.tlog
F:\BYH\DUI\xiaonengM\debug\link.1892-cvtres.read.1.tlog
F:\BYH\DUI\xiaonengM\debug\link.1892-cvtres.write.1.tlog
F:\BYH\DUI\xiaonengM\debug\link.3348.read.1.tlog
F:\BYH\DUI\xiaonengM\debug\link.3348.write.1.tlog
F:\BYH\DUI\xiaonengM\debug\link.3348-cvtres.read.1.tlog
F:\BYH\DUI\xiaonengM\debug\link.3348-cvtres.write.1.tlog
F:\BYH\DUI\xiaonengM\debug\link.3668.read.1.tlog
F:\BYH\DUI\xiaonengM\debug\link.3668.write.1.tlog
F:\BYH\DUI\xiaonengM\debug\link.3668-cvtres.read.1.tlog
F:\BYH\DUI\xiaonengM\debug\link.3668-cvtres.write.1.tlog
F:\BYH\DUI\xiaonengM\debug\link.4568.read.1.tlog
F:\BYH\DUI\xiaonengM\debug\link.4568.write.1.tlog
F:\BYH\DUI\xiaonengM\debug\link.4568-cvtres.read.1.tlog
F:\BYH\DUI\xiaonengM\debug\link.4568-cvtres.write.1.tlog
F:\BYH\DUI\xiaonengM\debug\link.5204.read.1.tlog
F:\BYH\DUI\xiaonengM\debug\link.5204.write.1.tlog
F:\BYH\DUI\xiaonengM\debug\link.5204-cvtres.read.1.tlog
F:\BYH\DUI\xiaonengM\debug\link.5204-cvtres.write.1.tlog
F:\BYH\DUI\xiaonengM\debug\link.6896.read.1.tlog
F:\BYH\DUI\xiaonengM\debug\link.6896.write.1.tlog
F:\BYH\DUI\xiaonengM\debug\link.6896-cvtres.read.1.tlog
F:\BYH\DUI\xiaonengM\debug\link.6896-cvtres.write.1.tlog
F:\BYH\DUI\xiaonengM\debug\link.6900.read.1.tlog
F:\BYH\DUI\xiaonengM\debug\link.6900.write.1.tlog
F:\BYH\DUI\xiaonengM\debug\link.6900-cvtres.read.1.tlog
F:\BYH\DUI\xiaonengM\debug\link.6900-cvtres.write.1.tlog
F:\BYH\DUI\xiaonengM\debug\link.7348.read.1.tlog
F:\BYH\DUI\xiaonengM\debug\link.7348.write.1.tlog
F:\BYH\DUI\xiaonengM\debug\link.7348-cvtres.read.1.tlog
F:\BYH\DUI\xiaonengM\debug\link.7348-cvtres.write.1.tlog
F:\BYH\DUI\xiaonengM\debug\link.9364.read.1.tlog
F:\BYH\DUI\xiaonengM\debug\link.9364.write.1.tlog
F:\BYH\DUI\xiaonengM\debug\link.9364-cvtres.read.1.tlog
F:\BYH\DUI\xiaonengM\debug\link.9364-cvtres.write.1.tlog
F:\BYH\DUI\xiaonengM\debug\link.command.1.tlog
F:\BYH\DUI\xiaonengM\debug\link.read.1.tlog
F:\BYH\DUI\xiaonengM\debug\link.write.1.tlog
F:\BYH\DUI\xiaonengM\debug\link-cvtres.read.1.tlog
F:\BYH\DUI\xiaonengM\debug\link-cvtres.write.1.tlog
F:\BYH\DUI\xiaonengM\debug\mt.command.1.tlog
F:\BYH\DUI\xiaonengM\debug\mt.read.1.tlog
F:\BYH\DUI\xiaonengM\debug\mt.write.1.tlog
F:\BYH\DUI\xiaonengM\debug\rc.command.1.tlog
F:\BYH\DUI\xiaonengM\debug\rc.read.1.tlog
F:\BYH\DUI\xiaonengM\debug\rc.write.1.tlog
F:\BYH\DUI\XIAONENGM\DEBUG\STDAFX.OBJ
F:\BYH\DUI\xiaonengM\debug\vc100.idb
F:\BYH\DUI\XIAONENGM\DEBUG\VC100.PDB
F:\BYH\DUI\XIAONENGM\DEBUG\XIAONENGM.EXE.EMBED.MANIFEST
F:\BYH\DUI\XIAONENGM\DEBUG\XIAONENGM.EXE.EMBED.MANIFEST.RES
F:\BYH\DUI\XIAONENGM\DEBUG\XIAONENGM.EXE.INTERMEDIATE.MANIFEST
F:\BYH\DUI\XIAONENGM\DEBUG\XIAONENGM.OBJ
F:\BYH\DUI\XIAONENGM\DEBUG\XIAONENGM.PCH
F:\BYH\DUI\XIAONENGM\DEBUG\XIAONENGM.RES
F:\BYH\DUI\xiaonengM\debug\xiaonengM.vcxprojResolveAssemblyReference.cache
F:\BYH\DUI\xiaonengM\debug\xiaonengM.write.1.tlog
F:\BYH\DUI\xiaonengM\debug\xiaonengM_manifest.rc
