生成启动时间为 2015/7/20 18:20:06。
     1>项目“F:\BYH\DUI\DUI1\DUI1.vcxproj”在节点 4 上(rebuild 个目标)。
     1>_PrepareForClean:
         正在删除文件“.\debug\DUI1.lastbuildstate”。
       InitializeBuildStatus:
         正在对“.\debug\DUI1.unsuccessfulbuild”执行 Touch 任务。
       ClCompile:
         C:\Program Files (x86)\Microsoft Visual Studio 10.0\VC\bin\CL.exe /c /I"D:\Program Files (x86)\Visual Leak Detector\include" /ZI /nologo /W3 /WX- /Od /Oy- /D WIN32 /D _DEBUG /D _WINDOWS /D _UNICODE /D UNICODE /Gm /EHsc /RTC1 /MDd /GS /fp:precise /Zc:wchar_t /Zc:forScope /Yc"StdAfx.h" /Fp".\debug\DUI1.pch" /Fo".\debug\\" /Fd".\debug\vc100.pdb" /Gd /TP /analyze- /errorReport:prompt stdafx.cpp
         stdafx.cpp
         C:\Program Files (x86)\Microsoft Visual Studio 10.0\VC\bin\CL.exe /c /I"D:\Program Files (x86)\Visual Leak Detector\include" /ZI /nologo /W3 /WX- /Od /Oy- /D WIN32 /D _DEBUG /D _WINDOWS /D _UNICODE /D UNICODE /Gm /EHsc /RTC1 /MDd /GS /fp:precise /Zc:wchar_t /Zc:forScope /Yu"StdAfx.h" /Fp".\debug\DUI1.pch" /Fo".\debug\\" /Fd".\debug\vc100.pdb" /Gd /TP /analyze- /errorReport:prompt DUI1.cpp
         DUI1.cpp
       ResourceCompile:
         C:\Program Files (x86)\Microsoft SDKs\Windows\v7.0A\bin\rc.exe /D _UNICODE /D UNICODE /l"0x0409" /nologo /fo".\debug\DUI1.res" DUI1.rc 
       ManifestResourceCompile:
         C:\Program Files (x86)\Microsoft SDKs\Windows\v7.0A\bin\rc.exe /nologo /fo".\debug\DUI1.exe.embed.manifest.res" .\debug\DUI1_manifest.rc 
       Link:
         C:\Program Files (x86)\Microsoft Visual Studio 10.0\VC\bin\link.exe /ERRORREPORT:PROMPT /OUT:".\debug_bin\DUI1.exe" /INCREMENTAL /NOLOGO /LIBPATH:"D:\Program Files (x86)\Visual Leak Detector\lib\Win32" kernel32.lib user32.lib gdi32.lib winspool.lib comdlg32.lib advapi32.lib shell32.lib ole32.lib oleaut32.lib uuid.lib odbc32.lib odbccp32.lib /MANIFEST /ManifestFile:".\debug\DUI1.exe.intermediate.manifest" /MANIFESTUAC:"level='asInvoker' uiAccess='false'" /DEBUG /PDB:"F:\BYH\DUI\DUI1\debug_bin\DUI1.pdb" /SUBSYSTEM:WINDOWS /TLBID:1 /DYNAMICBASE /NXCOMPAT /IMPLIB:".\debug_bin\DUI1.lib" /MACHINE:X86 .\debug\DUI1.res
         .\debug\DUI1.exe.embed.manifest.res
         .\debug\DUI1.obj
         .\debug\stdafx.obj
       Manifest:
         正在删除文件“.\debug\DUI1.exe.embed.manifest”。
         C:\Program Files (x86)\Microsoft SDKs\Windows\v7.0A\bin\mt.exe /nologo /verbose /out:".\debug\DUI1.exe.embed.manifest" /manifest .\debug\DUI1.exe.intermediate.manifest
         C:\Program Files (x86)\Microsoft SDKs\Windows\v7.0A\bin\rc.exe /nologo /fo".\debug\DUI1.exe.embed.manifest.res" .\debug\DUI1_manifest.rc 
       LinkEmbedManifest:
         C:\Program Files (x86)\Microsoft Visual Studio 10.0\VC\bin\link.exe /ERRORREPORT:PROMPT /OUT:".\debug_bin\DUI1.exe" /INCREMENTAL /NOLOGO /LIBPATH:"D:\Program Files (x86)\Visual Leak Detector\lib\Win32" kernel32.lib user32.lib gdi32.lib winspool.lib comdlg32.lib advapi32.lib shell32.lib ole32.lib oleaut32.lib uuid.lib odbc32.lib odbccp32.lib /MANIFEST /ManifestFile:".\debug\DUI1.exe.intermediate.manifest" /MANIFESTUAC:"level='asInvoker' uiAccess='false'" /DEBUG /PDB:"F:\BYH\DUI\DUI1\debug_bin\DUI1.pdb" /SUBSYSTEM:WINDOWS /TLBID:1 /DYNAMICBASE /NXCOMPAT /IMPLIB:".\debug_bin\DUI1.lib" /MACHINE:X86 .\debug\DUI1.res
         .\debug\DUI1.exe.embed.manifest.res
         .\debug\DUI1.obj
         .\debug\stdafx.obj
         DUI1.vcxproj -> F:\BYH\DUI\DUI1\.\debug_bin\DUI1.exe
       FinalizeBuildStatus:
         正在删除文件“.\debug\DUI1.unsuccessfulbuild”。
         正在对“.\debug\DUI1.lastbuildstate”执行 Touch 任务。
     1>已完成生成项目“F:\BYH\DUI\DUI1\DUI1.vcxproj”(rebuild 个目标)的操作。

生成成功。

已用时间 00:00:02.55
